<?xml version="1.0" encoding="UTF-8"?>
<!-- Generated by org.testng.reporters.JUnitReportReporter -->
<testsuite skipped="0" hostname="VA1ADMIS37F8L32" name="parallelTest.CrossBrowserScript" tests="3" failures="0" timestamp="12 May 2018 23:35:07 GMT" time="62.079" errors="0">
  <testcase name="testParameterWithXML" time="10.791" classname="parallelTest.CrossBrowserScript"/>
  <testcase name="testParameterWithXML" time="9.656" classname="parallelTest.CrossBrowserScript"/>
  <testcase name="testParameterWithXML" time="41.632" classname="parallelTest.CrossBrowserScript"/>
</testsuite> <!-- parallelTest.CrossBrowserScript -->
